<?xml version="1.0" encoding="UTF-8"?>
<!-- Generated by org.testng.reporters.JUnitReportReporter -->
<testsuite hostname="LAPTOP-CTM1E1EV" failures="0" tests="1" name="com.Instruction.AddInstF6646" time="6.864" errors="0" timestamp="2023-10-10T19:48:09 IST" skipped="0">
  <testcase classname="com.Instruction.AddInstF6646" name="MarketLaunchAndValidation" time="6.864"/>
</testsuite> <!-- com.Instruction.AddInstF6646 -->
